[0m13:18:52.617317 [debug] [MainThread]: Sending event: {'category': 'dbt', 'action': 'invocation', 'label': 'start', 'context': [<snowplow_tracker.self_describing_json.SelfDescribingJson object at 0x1102134c0>, <snowplow_tracker.self_describing_json.SelfDescribingJson object at 0x1122ee530>, <snowplow_tracker.self_describing_json.SelfDescribingJson object at 0x1122efe50>]}


============================== 13:18:52.620370 | cab6f5a3-1f95-4e60-89a8-aa0c62b71eab ==============================
[0m13:18:52.620370 [info ] [MainThread]: Running with dbt=1.11.2
[0m13:18:52.620787 [debug] [MainThread]: running dbt with arguments {'warn_error': 'None', 'partial_parse': 'True', 'introspect': 'True', 'indirect_selection': 'eager', 'log_path': 'logs', 'use_colors': 'True', 'empty': 'None', 'target_path': 'None', 'version_check': 'True', 'profiles_dir': '/Users/haleymar/.dbt', 'write_json': 'True', 'use_experimental_parser': 'False', 'printer_width': '80', 'send_anonymous_usage_stats': 'True', 'quiet': 'False', 'invocation_command': 'dbt init transform', 'no_print': 'None', 'warn_error_options': 'WarnErrorOptionsV2(error=[], warn=[], silence=[])', 'static_parser': 'True', 'log_cache_events': 'False', 'fail_fast': 'False', 'cache_selected_only': 'False', 'debug': 'False', 'log_format': 'default'}
[0m13:18:52.636474 [info ] [MainThread]: Creating dbt configuration folder at /Users/haleymar/.dbt
[0m13:18:52.637893 [debug] [MainThread]: Starter project path: /Users/haleymar/Documents/goldberghomedb/.venv/lib/python3.10/site-packages/dbt/include/starter_project
[0m13:18:52.647046 [info ] [MainThread]: 
Your new dbt project "transform" was created!

For more information on how to configure the profiles.yml file,
please consult the dbt documentation here:

  https://docs.getdbt.com/docs/configure-your-profile

One more thing:

Need help? Don't hesitate to reach out to us via GitHub issues or on Slack:

  https://community.getdbt.com/

Happy modeling!

[0m13:18:52.647318 [info ] [MainThread]: Setting up your profile.
[0m13:19:16.521736 [info ] [MainThread]: Profile transform written to /Users/haleymar/.dbt/profiles.yml using target's sample configuration. Once updated, you'll be able to start developing with dbt.
[0m13:19:16.925334 [debug] [MainThread]: Resource report: {"command_name": "init", "command_success": true, "command_wall_clock_time": 24.362253, "process_in_blocks": "0", "process_kernel_time": 0.183566, "process_mem_max_rss": "117604352", "process_out_blocks": "0", "process_user_time": 0.768034}
[0m13:19:16.926619 [debug] [MainThread]: Command `dbt init` succeeded at 13:19:16.926373 after 24.36 seconds
[0m13:19:16.927397 [debug] [MainThread]: Sending event: {'category': 'dbt', 'action': 'invocation', 'label': 'end', 'context': [<snowplow_tracker.self_describing_json.SelfDescribingJson object at 0x1102134c0>, <snowplow_tracker.self_describing_json.SelfDescribingJson object at 0x1123fd3c0>, <snowplow_tracker.self_describing_json.SelfDescribingJson object at 0x1122ec3a0>]}
[0m13:19:16.928108 [debug] [MainThread]: Flushing usage events
[0m13:19:18.391195 [debug] [MainThread]: An error was encountered while trying to flush usage events
[0m13:27:15.254960 [debug] [MainThread]: Sending event: {'category': 'dbt', 'action': 'invocation', 'label': 'start', 'context': [<snowplow_tracker.self_describing_json.SelfDescribingJson object at 0x10522b400>, <snowplow_tracker.self_describing_json.SelfDescribingJson object at 0x106eee320>, <snowplow_tracker.self_describing_json.SelfDescribingJson object at 0x106eee710>]}


============================== 13:27:15.258103 | 01e56544-100f-49d0-ab6b-2425506b1e1c ==============================
[0m13:27:15.258103 [info ] [MainThread]: Running with dbt=1.11.2
[0m13:27:15.258450 [debug] [MainThread]: running dbt with arguments {'log_path': 'logs', 'partial_parse': 'True', 'log_format': 'default', 'log_cache_events': 'False', 'invocation_command': 'dbt test', 'use_colors': 'True', 'cache_selected_only': 'False', 'debug': 'False', 'write_json': 'True', 'static_parser': 'True', 'empty': 'None', 'indirect_selection': 'eager', 'introspect': 'True', 'use_experimental_parser': 'False', 'send_anonymous_usage_stats': 'True', 'profiles_dir': '/Users/haleymar/.dbt', 'fail_fast': 'False', 'quiet': 'False', 'warn_error': 'None', 'target_path': 'None', 'version_check': 'True', 'warn_error_options': 'WarnErrorOptionsV2(error=[], warn=[], silence=[])', 'no_print': 'None', 'printer_width': '80'}
[0m13:27:15.258835 [error] [MainThread]: Encountered an error:
Runtime Error
  No dbt_project.yml found at expected path /Users/haleymar/Documents/goldberghomedb/dbt_project.yml
  Verify that each entry within packages.yml (and their transitive dependencies) contains a file named dbt_project.yml
  
[0m13:27:15.260472 [debug] [MainThread]: Resource report: {"command_name": "test", "command_success": false, "command_wall_clock_time": 0.051094335, "process_in_blocks": "0", "process_kernel_time": 0.13723, "process_mem_max_rss": "101269504", "process_out_blocks": "0", "process_user_time": 0.714733}
[0m13:27:15.260787 [debug] [MainThread]: Command `dbt test` failed at 13:27:15.260728 after 0.05 seconds
[0m13:27:15.261000 [debug] [MainThread]: Sending event: {'category': 'dbt', 'action': 'invocation', 'label': 'end', 'context': [<snowplow_tracker.self_describing_json.SelfDescribingJson object at 0x10522b400>, <snowplow_tracker.self_describing_json.SelfDescribingJson object at 0x106eef340>, <snowplow_tracker.self_describing_json.SelfDescribingJson object at 0x106eee2c0>]}
[0m13:27:15.261206 [debug] [MainThread]: Flushing usage events
[0m13:27:16.703947 [debug] [MainThread]: An error was encountered while trying to flush usage events
[0m13:40:49.453064 [debug] [MainThread]: Sending event: {'category': 'dbt', 'action': 'invocation', 'label': 'start', 'context': [<snowplow_tracker.self_describing_json.SelfDescribingJson object at 0x103cb7430>, <snowplow_tracker.self_describing_json.SelfDescribingJson object at 0x104e52320>, <snowplow_tracker.self_describing_json.SelfDescribingJson object at 0x104e52710>]}


============================== 13:40:49.456061 | 41002048-e1f9-46d4-81c0-2c41977eb701 ==============================
[0m13:40:49.456061 [info ] [MainThread]: Running with dbt=1.11.2
[0m13:40:49.456409 [debug] [MainThread]: running dbt with arguments {'quiet': 'False', 'target_path': 'None', 'warn_error_options': 'WarnErrorOptionsV2(error=[], warn=[], silence=[])', 'use_colors': 'True', 'write_json': 'True', 'fail_fast': 'False', 'invocation_command': 'dbt test', 'no_print': 'None', 'debug': 'False', 'static_parser': 'True', 'indirect_selection': 'eager', 'send_anonymous_usage_stats': 'True', 'cache_selected_only': 'False', 'introspect': 'True', 'log_path': 'logs', 'warn_error': 'None', 'profiles_dir': '/Users/haleymar/.dbt', 'use_experimental_parser': 'False', 'log_format': 'default', 'version_check': 'True', 'empty': 'None', 'partial_parse': 'True', 'printer_width': '80', 'log_cache_events': 'False'}
[0m13:40:49.456841 [error] [MainThread]: Encountered an error:
Runtime Error
  No dbt_project.yml found at expected path /Users/haleymar/Documents/goldberghomedb/dbt_project.yml
  Verify that each entry within packages.yml (and their transitive dependencies) contains a file named dbt_project.yml
  
[0m13:40:49.459002 [debug] [MainThread]: Resource report: {"command_name": "test", "command_success": false, "command_wall_clock_time": 0.05303592, "process_in_blocks": "0", "process_kernel_time": 0.139751, "process_mem_max_rss": "101253120", "process_out_blocks": "0", "process_user_time": 0.72581}
[0m13:40:49.459327 [debug] [MainThread]: Command `dbt test` failed at 13:40:49.459273 after 0.05 seconds
[0m13:40:49.459548 [debug] [MainThread]: Sending event: {'category': 'dbt', 'action': 'invocation', 'label': 'end', 'context': [<snowplow_tracker.self_describing_json.SelfDescribingJson object at 0x103cb7430>, <snowplow_tracker.self_describing_json.SelfDescribingJson object at 0x104e53400>, <snowplow_tracker.self_describing_json.SelfDescribingJson object at 0x104e53370>]}
[0m13:40:49.459749 [debug] [MainThread]: Flushing usage events
[0m13:40:50.969528 [debug] [MainThread]: An error was encountered while trying to flush usage events
[0m13:57:21.413140 [debug] [MainThread]: Sending event: {'category': 'dbt', 'action': 'invocation', 'label': 'start', 'context': [<snowplow_tracker.self_describing_json.SelfDescribingJson object at 0x108413460>, <snowplow_tracker.self_describing_json.SelfDescribingJson object at 0x109fefa90>, <snowplow_tracker.self_describing_json.SelfDescribingJson object at 0x109fefe80>]}


============================== 13:57:21.416245 | 08a8bb2b-fb69-4b87-90ef-3f9a5751cb05 ==============================
[0m13:57:21.416245 [info ] [MainThread]: Running with dbt=1.11.2
[0m13:57:21.416673 [debug] [MainThread]: running dbt with arguments {'no_print': 'None', 'empty': 'None', 'use_experimental_parser': 'False', 'fail_fast': 'False', 'warn_error_options': 'WarnErrorOptionsV2(error=[], warn=[], silence=[])', 'printer_width': '80', 'use_colors': 'True', 'warn_error': 'None', 'profiles_dir': '/Users/haleymar/.dbt', 'log_path': 'logs', 'log_format': 'default', 'log_cache_events': 'False', 'debug': 'False', 'target_path': 'None', 'write_json': 'True', 'partial_parse': 'True', 'static_parser': 'True', 'introspect': 'True', 'version_check': 'True', 'invocation_command': 'dbt debug', 'indirect_selection': 'eager', 'cache_selected_only': 'False', 'send_anonymous_usage_stats': 'True', 'quiet': 'False'}
[0m13:57:21.430895 [info ] [MainThread]: dbt version: 1.11.2
[0m13:57:21.431178 [info ] [MainThread]: python version: 3.10.13
[0m13:57:21.431353 [info ] [MainThread]: python path: /Users/haleymar/Documents/goldberghomedb/.venv/bin/python
[0m13:57:21.431518 [info ] [MainThread]: os info: macOS-15.6-arm64-arm-64bit
[0m13:57:21.548380 [info ] [MainThread]: Using profiles dir at /Users/haleymar/.dbt
[0m13:57:21.548695 [info ] [MainThread]: Using profiles.yml file at /Users/haleymar/.dbt/profiles.yml
[0m13:57:21.548877 [info ] [MainThread]: Using dbt_project.yml file at /Users/haleymar/Documents/goldberghomedb/dbt_project.yml
[0m13:57:21.550647 [info ] [MainThread]: adapter type: duckdb
[0m13:57:21.550856 [info ] [MainThread]: adapter version: 1.10.0
[0m13:57:21.551029 [info ] [MainThread]: Configuration:
[0m13:57:21.551189 [info ] [MainThread]:   profiles.yml file [[32mOK found and valid[0m]
[0m13:57:21.551344 [info ] [MainThread]:   dbt_project.yml file [[31mERROR not found[0m]
[0m13:57:21.551491 [info ] [MainThread]: Required dependencies:
[0m13:57:21.551678 [debug] [MainThread]: Executing "git --help"
[0m13:57:21.560305 [debug] [MainThread]: STDOUT: "b"usage: git [-v | --version] [-h | --help] [-C <path>] [-c <name>=<value>]\n           [--exec-path[=<path>]] [--html-path] [--man-path] [--info-path]\n           [-p | --paginate | -P | --no-pager] [--no-replace-objects] [--no-lazy-fetch]\n           [--no-optional-locks] [--no-advice] [--bare] [--git-dir=<path>]\n           [--work-tree=<path>] [--namespace=<name>] [--config-env=<name>=<envvar>]\n           <command> [<args>]\n\nThese are common Git commands used in various situations:\n\nstart a working area (see also: git help tutorial)\n   clone      Clone a repository into a new directory\n   init       Create an empty Git repository or reinitialize an existing one\n\nwork on the current change (see also: git help everyday)\n   add        Add file contents to the index\n   mv         Move or rename a file, a directory, or a symlink\n   restore    Restore working tree files\n   rm         Remove files from the working tree and from the index\n\nexamine the history and state (see also: git help revisions)\n   bisect     Use binary search to find the commit that introduced a bug\n   diff       Show changes between commits, commit and working tree, etc\n   grep       Print lines matching a pattern\n   log        Show commit logs\n   show       Show various types of objects\n   status     Show the working tree status\n\ngrow, mark and tweak your common history\n   backfill   Download missing objects in a partial clone\n   branch     List, create, or delete branches\n   commit     Record changes to the repository\n   merge      Join two or more development histories together\n   rebase     Reapply commits on top of another base tip\n   reset      Reset current HEAD to the specified state\n   switch     Switch branches\n   tag        Create, list, delete or verify tags\n\ncollaborate (see also: git help workflows)\n   fetch      Download objects and refs from another repository\n   pull       Fetch from and integrate with another repository or a local branch\n   push       Update remote refs along with associated objects\n\n'git help -a' and 'git help -g' list available subcommands and some\nconcept guides. See 'git help <command>' or 'git help <concept>'\nto read about a specific subcommand or concept.\nSee 'git help git' for an overview of the system.\n""
[0m13:57:21.560961 [debug] [MainThread]: STDERR: "b''"
[0m13:57:21.561240 [info ] [MainThread]:  - git [[32mOK found[0m]

[0m13:57:21.561517 [info ] [MainThread]: Connection:
[0m13:57:21.561786 [info ] [MainThread]:   database: goldberghomedb
[0m13:57:21.561967 [info ] [MainThread]:   schema: main
[0m13:57:21.562133 [info ] [MainThread]:   path: /Users/haleymar/Documents/goldberghomedb/goldberghomedb.duckdb
[0m13:57:21.562295 [info ] [MainThread]:   config_options: None
[0m13:57:21.562449 [info ] [MainThread]:   extensions: None
[0m13:57:21.562603 [info ] [MainThread]:   settings: {}
[0m13:57:21.562752 [info ] [MainThread]:   external_root: .
[0m13:57:21.562900 [info ] [MainThread]:   use_credential_provider: None
[0m13:57:21.563048 [info ] [MainThread]:   attach: None
[0m13:57:21.563201 [info ] [MainThread]:   filesystems: None
[0m13:57:21.563503 [info ] [MainThread]:   remote: None
[0m13:57:21.563948 [info ] [MainThread]:   plugins: None
[0m13:57:21.564112 [info ] [MainThread]:   disable_transactions: False
[0m13:57:21.564534 [info ] [MainThread]: Registered adapter: duckdb=1.10.0
[0m13:57:22.041640 [debug] [MainThread]: Acquiring new duckdb connection 'debug'
[0m13:57:22.120828 [debug] [MainThread]: Using duckdb connection "debug"
[0m13:57:22.121095 [debug] [MainThread]: On debug: select 1 as id
[0m13:57:22.121263 [debug] [MainThread]: Opening a new connection, currently in state init
[0m13:57:22.130132 [debug] [MainThread]: DuckDB adapter: Error running SQL: select 1 as id
[0m13:57:22.130423 [debug] [MainThread]: DuckDB adapter: Rolling back transaction.
[0m13:57:22.130678 [info ] [MainThread]:   Connection test: [[31mERROR[0m]

[0m13:57:22.130923 [info ] [MainThread]: [31m2 checks failed:[0m
[0m13:57:22.131099 [info ] [MainThread]: Project loading failed for the following reason:
 project path </Users/haleymar/Documents/goldberghomedb/dbt_project.yml> not found

[0m13:57:22.131281 [info ] [MainThread]: dbt was unable to connect to the specified database.
The database returned the following error:

  >Runtime Error
  IO Error: Could not set lock on file "/Users/haleymar/Documents/goldberghomedb/goldberghomedb.duckdb": Conflicting lock is held in /Applications/DBeaver.app/Contents/MacOS/dbeaver (PID 50532) by user haleymar. See also https://duckdb.org/docs/stable/connect/concurrency

Check your database credentials and try again. For more information, visit:
https://docs.getdbt.com/docs/configure-your-profile


[0m13:57:22.133887 [debug] [MainThread]: Resource report: {"command_name": "debug", "command_success": false, "command_wall_clock_time": 0.76733273, "process_in_blocks": "0", "process_kernel_time": 0.232954, "process_mem_max_rss": "127598592", "process_out_blocks": "0", "process_user_time": 0.850192}
[0m13:57:22.134255 [debug] [MainThread]: Command `dbt debug` failed at 13:57:22.134188 after 0.77 seconds
[0m13:57:22.134481 [debug] [MainThread]: Connection 'debug' was properly closed.
[0m13:57:22.134706 [debug] [MainThread]: Sending event: {'category': 'dbt', 'action': 'invocation', 'label': 'end', 'context': [<snowplow_tracker.self_describing_json.SelfDescribingJson object at 0x108413460>, <snowplow_tracker.self_describing_json.SelfDescribingJson object at 0x10a32d810>, <snowplow_tracker.self_describing_json.SelfDescribingJson object at 0x10a32d3c0>]}
[0m13:57:22.134966 [debug] [MainThread]: Flushing usage events
[0m13:57:23.556828 [debug] [MainThread]: An error was encountered while trying to flush usage events
[0m13:59:01.970232 [debug] [MainThread]: Sending event: {'category': 'dbt', 'action': 'invocation', 'label': 'start', 'context': [<snowplow_tracker.self_describing_json.SelfDescribingJson object at 0x105a634c0>, <snowplow_tracker.self_describing_json.SelfDescribingJson object at 0x106c0dae0>, <snowplow_tracker.self_describing_json.SelfDescribingJson object at 0x106c0d6f0>]}


============================== 13:59:01.974634 | bd43ebef-537e-4e7e-9e85-64f8c7fc8957 ==============================
[0m13:59:01.974634 [info ] [MainThread]: Running with dbt=1.11.2
[0m13:59:01.975170 [debug] [MainThread]: running dbt with arguments {'version_check': 'True', 'use_experimental_parser': 'False', 'warn_error': 'None', 'profiles_dir': '/Users/haleymar/.dbt', 'write_json': 'True', 'log_path': 'logs', 'debug': 'False', 'log_format': 'default', 'target_path': 'None', 'empty': 'None', 'send_anonymous_usage_stats': 'True', 'printer_width': '80', 'log_cache_events': 'False', 'partial_parse': 'True', 'introspect': 'True', 'fail_fast': 'False', 'indirect_selection': 'eager', 'cache_selected_only': 'False', 'warn_error_options': 'WarnErrorOptionsV2(error=[], warn=[], silence=[])', 'use_colors': 'True', 'static_parser': 'True', 'quiet': 'False', 'no_print': 'None', 'invocation_command': 'dbt debug'}
[0m13:59:01.993601 [info ] [MainThread]: dbt version: 1.11.2
[0m13:59:01.993893 [info ] [MainThread]: python version: 3.10.13
[0m13:59:01.994074 [info ] [MainThread]: python path: /Users/haleymar/Documents/goldberghomedb/.venv/bin/python
[0m13:59:01.994249 [info ] [MainThread]: os info: macOS-15.6-arm64-arm-64bit
[0m13:59:02.109095 [info ] [MainThread]: Using profiles dir at /Users/haleymar/.dbt
[0m13:59:02.109459 [info ] [MainThread]: Using profiles.yml file at /Users/haleymar/.dbt/profiles.yml
[0m13:59:02.109644 [info ] [MainThread]: Using dbt_project.yml file at /Users/haleymar/Documents/goldberghomedb/dbt_project.yml
[0m13:59:02.111415 [info ] [MainThread]: adapter type: duckdb
[0m13:59:02.111604 [info ] [MainThread]: adapter version: 1.10.0
[0m13:59:02.111769 [info ] [MainThread]: Configuration:
[0m13:59:02.111926 [info ] [MainThread]:   profiles.yml file [[32mOK found and valid[0m]
[0m13:59:02.112083 [info ] [MainThread]:   dbt_project.yml file [[31mERROR not found[0m]
[0m13:59:02.112234 [info ] [MainThread]: Required dependencies:
[0m13:59:02.112429 [debug] [MainThread]: Executing "git --help"
[0m13:59:02.125830 [debug] [MainThread]: STDOUT: "b"usage: git [-v | --version] [-h | --help] [-C <path>] [-c <name>=<value>]\n           [--exec-path[=<path>]] [--html-path] [--man-path] [--info-path]\n           [-p | --paginate | -P | --no-pager] [--no-replace-objects] [--no-lazy-fetch]\n           [--no-optional-locks] [--no-advice] [--bare] [--git-dir=<path>]\n           [--work-tree=<path>] [--namespace=<name>] [--config-env=<name>=<envvar>]\n           <command> [<args>]\n\nThese are common Git commands used in various situations:\n\nstart a working area (see also: git help tutorial)\n   clone      Clone a repository into a new directory\n   init       Create an empty Git repository or reinitialize an existing one\n\nwork on the current change (see also: git help everyday)\n   add        Add file contents to the index\n   mv         Move or rename a file, a directory, or a symlink\n   restore    Restore working tree files\n   rm         Remove files from the working tree and from the index\n\nexamine the history and state (see also: git help revisions)\n   bisect     Use binary search to find the commit that introduced a bug\n   diff       Show changes between commits, commit and working tree, etc\n   grep       Print lines matching a pattern\n   log        Show commit logs\n   show       Show various types of objects\n   status     Show the working tree status\n\ngrow, mark and tweak your common history\n   backfill   Download missing objects in a partial clone\n   branch     List, create, or delete branches\n   commit     Record changes to the repository\n   merge      Join two or more development histories together\n   rebase     Reapply commits on top of another base tip\n   reset      Reset current HEAD to the specified state\n   switch     Switch branches\n   tag        Create, list, delete or verify tags\n\ncollaborate (see also: git help workflows)\n   fetch      Download objects and refs from another repository\n   pull       Fetch from and integrate with another repository or a local branch\n   push       Update remote refs along with associated objects\n\n'git help -a' and 'git help -g' list available subcommands and some\nconcept guides. See 'git help <command>' or 'git help <concept>'\nto read about a specific subcommand or concept.\nSee 'git help git' for an overview of the system.\n""
[0m13:59:02.128300 [debug] [MainThread]: STDERR: "b''"
[0m13:59:02.128696 [info ] [MainThread]:  - git [[32mOK found[0m]

[0m13:59:02.128937 [info ] [MainThread]: Connection:
[0m13:59:02.129159 [info ] [MainThread]:   database: goldberghomedb
[0m13:59:02.129324 [info ] [MainThread]:   schema: main
[0m13:59:02.129483 [info ] [MainThread]:   path: /Users/haleymar/Documents/goldberghomedb/goldberghomedb.duckdb
[0m13:59:02.129644 [info ] [MainThread]:   config_options: None
[0m13:59:02.129797 [info ] [MainThread]:   extensions: None
[0m13:59:02.129949 [info ] [MainThread]:   settings: {}
[0m13:59:02.130099 [info ] [MainThread]:   external_root: .
[0m13:59:02.130249 [info ] [MainThread]:   use_credential_provider: None
[0m13:59:02.130399 [info ] [MainThread]:   attach: None
[0m13:59:02.131095 [info ] [MainThread]:   filesystems: None
[0m13:59:02.132196 [info ] [MainThread]:   remote: None
[0m13:59:02.132557 [info ] [MainThread]:   plugins: None
[0m13:59:02.132834 [info ] [MainThread]:   disable_transactions: False
[0m13:59:02.133301 [info ] [MainThread]: Registered adapter: duckdb=1.10.0
[0m13:59:02.202172 [debug] [MainThread]: Acquiring new duckdb connection 'debug'
[0m13:59:02.282277 [debug] [MainThread]: Using duckdb connection "debug"
[0m13:59:02.282567 [debug] [MainThread]: On debug: select 1 as id
[0m13:59:02.282732 [debug] [MainThread]: Opening a new connection, currently in state init
[0m13:59:02.298706 [debug] [MainThread]: SQL status: OK in 0.016 seconds
[0m13:59:02.299363 [debug] [MainThread]: On debug: Close
[0m13:59:02.299801 [info ] [MainThread]:   Connection test: [[32mOK connection ok[0m]

[0m13:59:02.300011 [info ] [MainThread]: [31m1 check failed:[0m
[0m13:59:02.300178 [info ] [MainThread]: Project loading failed for the following reason:
 project path </Users/haleymar/Documents/goldberghomedb/dbt_project.yml> not found

[0m13:59:02.302460 [debug] [MainThread]: Resource report: {"command_name": "debug", "command_success": false, "command_wall_clock_time": 0.38369343, "process_in_blocks": "0", "process_kernel_time": 0.209319, "process_mem_max_rss": "129187840", "process_out_blocks": "0", "process_user_time": 0.86876}
[0m13:59:02.302762 [debug] [MainThread]: Command `dbt debug` failed at 13:59:02.302708 after 0.38 seconds
[0m13:59:02.302968 [debug] [MainThread]: Connection 'debug' was properly closed.
[0m13:59:02.303184 [debug] [MainThread]: Sending event: {'category': 'dbt', 'action': 'invocation', 'label': 'end', 'context': [<snowplow_tracker.self_describing_json.SelfDescribingJson object at 0x105a634c0>, <snowplow_tracker.self_describing_json.SelfDescribingJson object at 0x106dc7dc0>, <snowplow_tracker.self_describing_json.SelfDescribingJson object at 0x106dc4190>]}
[0m13:59:02.303433 [debug] [MainThread]: Flushing usage events
[0m13:59:04.229766 [debug] [MainThread]: An error was encountered while trying to flush usage events
[0m23:18:44.732281 [debug] [MainThread]: Sending event: {'category': 'dbt', 'action': 'invocation', 'label': 'start', 'context': [<snowplow_tracker.self_describing_json.SelfDescribingJson object at 0x10648f430>, <snowplow_tracker.self_describing_json.SelfDescribingJson object at 0x107635cc0>, <snowplow_tracker.self_describing_json.SelfDescribingJson object at 0x1076358d0>]}


============================== 23:18:44.736642 | 3c5cc569-afc0-47d0-b8ef-1fb8a1a1ebf4 ==============================
[0m23:18:44.736642 [info ] [MainThread]: Running with dbt=1.11.2
[0m23:18:44.737165 [debug] [MainThread]: running dbt with arguments {'no_print': 'None', 'use_colors': 'True', 'log_cache_events': 'False', 'profiles_dir': '/Users/haleymar/.dbt', 'write_json': 'True', 'printer_width': '80', 'debug': 'False', 'introspect': 'True', 'quiet': 'False', 'target_path': 'None', 'indirect_selection': 'eager', 'invocation_command': 'dbt test', 'version_check': 'True', 'empty': 'None', 'send_anonymous_usage_stats': 'True', 'static_parser': 'True', 'warn_error_options': 'WarnErrorOptionsV2(error=[], warn=[], silence=[])', 'log_format': 'default', 'log_path': 'logs', 'use_experimental_parser': 'False', 'fail_fast': 'False', 'partial_parse': 'True', 'warn_error': 'None', 'cache_selected_only': 'False'}
[0m23:18:44.737812 [error] [MainThread]: Encountered an error:
Runtime Error
  No dbt_project.yml found at expected path /Users/haleymar/Documents/goldberghomedb/dbt_project.yml
  Verify that each entry within packages.yml (and their transitive dependencies) contains a file named dbt_project.yml
  
[0m23:18:44.748604 [debug] [MainThread]: Resource report: {"command_name": "test", "command_success": false, "command_wall_clock_time": 0.09672804, "process_in_blocks": "0", "process_kernel_time": 0.234145, "process_mem_max_rss": "100630528", "process_out_blocks": "0", "process_user_time": 1.134695}
[0m23:18:44.749898 [debug] [MainThread]: Command `dbt test` failed at 23:18:44.749767 after 0.10 seconds
[0m23:18:44.750300 [debug] [MainThread]: Sending event: {'category': 'dbt', 'action': 'invocation', 'label': 'end', 'context': [<snowplow_tracker.self_describing_json.SelfDescribingJson object at 0x10648f430>, <snowplow_tracker.self_describing_json.SelfDescribingJson object at 0x107634c70>, <snowplow_tracker.self_describing_json.SelfDescribingJson object at 0x107634e80>]}
[0m23:18:44.750645 [debug] [MainThread]: Flushing usage events
[0m23:18:46.243645 [debug] [MainThread]: An error was encountered while trying to flush usage events
[0m16:41:18.827580 [debug] [MainThread]: Sending event: {'category': 'dbt', 'action': 'invocation', 'label': 'start', 'context': [<snowplow_tracker.self_describing_json.SelfDescribingJson object at 0x108093400>, <snowplow_tracker.self_describing_json.SelfDescribingJson object at 0x10922faf0>, <snowplow_tracker.self_describing_json.SelfDescribingJson object at 0x10922fee0>]}


============================== 16:41:18.832261 | f8788465-2798-43c0-a360-818761f4b760 ==============================
[0m16:41:18.832261 [info ] [MainThread]: Running with dbt=1.11.2
[0m16:41:18.833015 [debug] [MainThread]: running dbt with arguments {'log_path': 'logs', 'write_json': 'True', 'profiles_dir': '/Users/haleymar/.dbt', 'use_colors': 'True', 'quiet': 'False', 'indirect_selection': 'eager', 'warn_error': 'None', 'cache_selected_only': 'False', 'no_print': 'None', 'empty': 'None', 'fail_fast': 'False', 'send_anonymous_usage_stats': 'True', 'use_experimental_parser': 'False', 'invocation_command': 'dbt debug', 'debug': 'False', 'printer_width': '80', 'partial_parse': 'True', 'static_parser': 'True', 'target_path': 'None', 'log_cache_events': 'False', 'warn_error_options': 'WarnErrorOptionsV2(error=[], warn=[], silence=[])', 'introspect': 'True', 'version_check': 'True', 'log_format': 'default'}
[0m16:41:18.852694 [info ] [MainThread]: dbt version: 1.11.2
[0m16:41:18.853102 [info ] [MainThread]: python version: 3.10.13
[0m16:41:18.853371 [info ] [MainThread]: python path: /Users/haleymar/Documents/goldberghomedb/.venv/bin/python
[0m16:41:18.853624 [info ] [MainThread]: os info: macOS-15.6-arm64-arm-64bit
[0m16:41:19.019276 [info ] [MainThread]: Using profiles dir at /Users/haleymar/.dbt
[0m16:41:19.019754 [info ] [MainThread]: Using profiles.yml file at /Users/haleymar/.dbt/profiles.yml
[0m16:41:19.020036 [info ] [MainThread]: Using dbt_project.yml file at /Users/haleymar/Documents/goldberghomedb/dbt_project.yml
[0m16:41:19.022242 [info ] [MainThread]: adapter type: duckdb
[0m16:41:19.022567 [info ] [MainThread]: adapter version: 1.10.0
[0m16:41:19.022838 [info ] [MainThread]: Configuration:
[0m16:41:19.023088 [info ] [MainThread]:   profiles.yml file [[32mOK found and valid[0m]
[0m16:41:19.023323 [info ] [MainThread]:   dbt_project.yml file [[31mERROR not found[0m]
[0m16:41:19.023556 [info ] [MainThread]: Required dependencies:
[0m16:41:19.023842 [debug] [MainThread]: Executing "git --help"
[0m16:41:19.047056 [debug] [MainThread]: STDOUT: "b"usage: git [-v | --version] [-h | --help] [-C <path>] [-c <name>=<value>]\n           [--exec-path[=<path>]] [--html-path] [--man-path] [--info-path]\n           [-p | --paginate | -P | --no-pager] [--no-replace-objects] [--no-lazy-fetch]\n           [--no-optional-locks] [--no-advice] [--bare] [--git-dir=<path>]\n           [--work-tree=<path>] [--namespace=<name>] [--config-env=<name>=<envvar>]\n           <command> [<args>]\n\nThese are common Git commands used in various situations:\n\nstart a working area (see also: git help tutorial)\n   clone      Clone a repository into a new directory\n   init       Create an empty Git repository or reinitialize an existing one\n\nwork on the current change (see also: git help everyday)\n   add        Add file contents to the index\n   mv         Move or rename a file, a directory, or a symlink\n   restore    Restore working tree files\n   rm         Remove files from the working tree and from the index\n\nexamine the history and state (see also: git help revisions)\n   bisect     Use binary search to find the commit that introduced a bug\n   diff       Show changes between commits, commit and working tree, etc\n   grep       Print lines matching a pattern\n   log        Show commit logs\n   show       Show various types of objects\n   status     Show the working tree status\n\ngrow, mark and tweak your common history\n   backfill   Download missing objects in a partial clone\n   branch     List, create, or delete branches\n   commit     Record changes to the repository\n   merge      Join two or more development histories together\n   rebase     Reapply commits on top of another base tip\n   reset      Reset current HEAD to the specified state\n   switch     Switch branches\n   tag        Create, list, delete or verify tags\n\ncollaborate (see also: git help workflows)\n   fetch      Download objects and refs from another repository\n   pull       Fetch from and integrate with another repository or a local branch\n   push       Update remote refs along with associated objects\n\n'git help -a' and 'git help -g' list available subcommands and some\nconcept guides. See 'git help <command>' or 'git help <concept>'\nto read about a specific subcommand or concept.\nSee 'git help git' for an overview of the system.\n""
[0m16:41:19.047969 [debug] [MainThread]: STDERR: "b''"
[0m16:41:19.048341 [info ] [MainThread]:  - git [[32mOK found[0m]

[0m16:41:19.048654 [info ] [MainThread]: Connection:
[0m16:41:19.048965 [info ] [MainThread]:   database: goldberghomedb
[0m16:41:19.049211 [info ] [MainThread]:   schema: main
[0m16:41:19.049445 [info ] [MainThread]:   path: /Users/haleymar/Documents/goldberghomedb/goldberghomedb.duckdb
[0m16:41:19.049679 [info ] [MainThread]:   config_options: None
[0m16:41:19.049911 [info ] [MainThread]:   extensions: None
[0m16:41:19.050143 [info ] [MainThread]:   settings: {}
[0m16:41:19.050372 [info ] [MainThread]:   external_root: .
[0m16:41:19.050601 [info ] [MainThread]:   use_credential_provider: None
[0m16:41:19.050825 [info ] [MainThread]:   attach: None
[0m16:41:19.051049 [info ] [MainThread]:   filesystems: None
[0m16:41:19.051277 [info ] [MainThread]:   remote: None
[0m16:41:19.051501 [info ] [MainThread]:   plugins: None
[0m16:41:19.051722 [info ] [MainThread]:   disable_transactions: False
[0m16:41:19.052284 [info ] [MainThread]: Registered adapter: duckdb=1.10.0
[0m16:41:19.160651 [debug] [MainThread]: Acquiring new duckdb connection 'debug'
[0m16:41:19.267673 [debug] [MainThread]: Using duckdb connection "debug"
[0m16:41:19.268088 [debug] [MainThread]: On debug: select 1 as id
[0m16:41:19.268354 [debug] [MainThread]: Opening a new connection, currently in state init
[0m16:41:19.302338 [debug] [MainThread]: SQL status: OK in 0.034 seconds
[0m16:41:19.303235 [debug] [MainThread]: On debug: Close
[0m16:41:19.303827 [info ] [MainThread]:   Connection test: [[32mOK connection ok[0m]

[0m16:41:19.304199 [info ] [MainThread]: [31m1 check failed:[0m
[0m16:41:19.304478 [info ] [MainThread]: Project loading failed for the following reason:
 project path </Users/haleymar/Documents/goldberghomedb/dbt_project.yml> not found

[0m16:41:19.307545 [debug] [MainThread]: Resource report: {"command_name": "debug", "command_success": false, "command_wall_clock_time": 0.5691222, "process_in_blocks": "0", "process_kernel_time": 0.314206, "process_mem_max_rss": "128909312", "process_out_blocks": "0", "process_user_time": 1.319261}
[0m16:41:19.308044 [debug] [MainThread]: Command `dbt debug` failed at 16:41:19.307944 after 0.57 seconds
[0m16:41:19.308376 [debug] [MainThread]: Connection 'debug' was properly closed.
[0m16:41:19.308726 [debug] [MainThread]: Sending event: {'category': 'dbt', 'action': 'invocation', 'label': 'end', 'context': [<snowplow_tracker.self_describing_json.SelfDescribingJson object at 0x108093400>, <snowplow_tracker.self_describing_json.SelfDescribingJson object at 0x1093a5c00>, <snowplow_tracker.self_describing_json.SelfDescribingJson object at 0x1093a5b40>]}
[0m16:41:19.309100 [debug] [MainThread]: Flushing usage events
[0m16:41:20.988002 [debug] [MainThread]: An error was encountered while trying to flush usage events
[0m16:41:51.132605 [debug] [MainThread]: Sending event: {'category': 'dbt', 'action': 'invocation', 'label': 'start', 'context': [<snowplow_tracker.self_describing_json.SelfDescribingJson object at 0x10647b490>, <snowplow_tracker.self_describing_json.SelfDescribingJson object at 0x107616530>, <snowplow_tracker.self_describing_json.SelfDescribingJson object at 0x107617e50>]}


============================== 16:41:51.136717 | 9106b7e7-c8fb-416c-a31c-5f60d8e3021e ==============================
[0m16:41:51.136717 [info ] [MainThread]: Running with dbt=1.11.2
[0m16:41:51.137344 [debug] [MainThread]: running dbt with arguments {'cache_selected_only': 'False', 'use_colors': 'True', 'printer_width': '80', 'empty': 'None', 'profiles_dir': '/Users/haleymar/.dbt', 'indirect_selection': 'eager', 'quiet': 'False', 'introspect': 'True', 'invocation_command': 'dbt debug', 'log_path': 'logs', 'debug': 'False', 'target_path': 'None', 'log_format': 'default', 'fail_fast': 'False', 'log_cache_events': 'False', 'warn_error': 'None', 'partial_parse': 'True', 'version_check': 'True', 'use_experimental_parser': 'False', 'send_anonymous_usage_stats': 'True', 'write_json': 'True', 'no_print': 'None', 'static_parser': 'True', 'warn_error_options': 'WarnErrorOptionsV2(error=[], warn=[], silence=[])'}
[0m16:41:51.156119 [info ] [MainThread]: dbt version: 1.11.2
[0m16:41:51.156566 [info ] [MainThread]: python version: 3.10.13
[0m16:41:51.156836 [info ] [MainThread]: python path: /Users/haleymar/Documents/goldberghomedb/.venv/bin/python
[0m16:41:51.157093 [info ] [MainThread]: os info: macOS-15.6-arm64-arm-64bit
[0m16:41:51.326940 [info ] [MainThread]: Using profiles dir at /Users/haleymar/.dbt
[0m16:41:51.327391 [info ] [MainThread]: Using profiles.yml file at /Users/haleymar/.dbt/profiles.yml
[0m16:41:51.327666 [info ] [MainThread]: Using dbt_project.yml file at /Users/haleymar/Documents/goldberghomedb/dbt_project.yml
[0m16:41:51.329986 [info ] [MainThread]: adapter type: duckdb
[0m16:41:51.330270 [info ] [MainThread]: adapter version: 1.10.0
[0m16:41:51.330530 [info ] [MainThread]: Configuration:
[0m16:41:51.330775 [info ] [MainThread]:   profiles.yml file [[32mOK found and valid[0m]
[0m16:41:51.331015 [info ] [MainThread]:   dbt_project.yml file [[31mERROR not found[0m]
[0m16:41:51.331262 [info ] [MainThread]: Required dependencies:
[0m16:41:51.331564 [debug] [MainThread]: Executing "git --help"
[0m16:41:51.344281 [debug] [MainThread]: STDOUT: "b"usage: git [-v | --version] [-h | --help] [-C <path>] [-c <name>=<value>]\n           [--exec-path[=<path>]] [--html-path] [--man-path] [--info-path]\n           [-p | --paginate | -P | --no-pager] [--no-replace-objects] [--no-lazy-fetch]\n           [--no-optional-locks] [--no-advice] [--bare] [--git-dir=<path>]\n           [--work-tree=<path>] [--namespace=<name>] [--config-env=<name>=<envvar>]\n           <command> [<args>]\n\nThese are common Git commands used in various situations:\n\nstart a working area (see also: git help tutorial)\n   clone      Clone a repository into a new directory\n   init       Create an empty Git repository or reinitialize an existing one\n\nwork on the current change (see also: git help everyday)\n   add        Add file contents to the index\n   mv         Move or rename a file, a directory, or a symlink\n   restore    Restore working tree files\n   rm         Remove files from the working tree and from the index\n\nexamine the history and state (see also: git help revisions)\n   bisect     Use binary search to find the commit that introduced a bug\n   diff       Show changes between commits, commit and working tree, etc\n   grep       Print lines matching a pattern\n   log        Show commit logs\n   show       Show various types of objects\n   status     Show the working tree status\n\ngrow, mark and tweak your common history\n   backfill   Download missing objects in a partial clone\n   branch     List, create, or delete branches\n   commit     Record changes to the repository\n   merge      Join two or more development histories together\n   rebase     Reapply commits on top of another base tip\n   reset      Reset current HEAD to the specified state\n   switch     Switch branches\n   tag        Create, list, delete or verify tags\n\ncollaborate (see also: git help workflows)\n   fetch      Download objects and refs from another repository\n   pull       Fetch from and integrate with another repository or a local branch\n   push       Update remote refs along with associated objects\n\n'git help -a' and 'git help -g' list available subcommands and some\nconcept guides. See 'git help <command>' or 'git help <concept>'\nto read about a specific subcommand or concept.\nSee 'git help git' for an overview of the system.\n""
[0m16:41:51.345174 [debug] [MainThread]: STDERR: "b''"
[0m16:41:51.345537 [info ] [MainThread]:  - git [[32mOK found[0m]

[0m16:41:51.345852 [info ] [MainThread]: Connection:
[0m16:41:51.346183 [info ] [MainThread]:   database: goldberghomedb
[0m16:41:51.346429 [info ] [MainThread]:   schema: main
[0m16:41:51.346672 [info ] [MainThread]:   path: /Users/haleymar/Documents/goldberghomedb/goldberghomedb.duckdb
[0m16:41:51.346905 [info ] [MainThread]:   config_options: None
[0m16:41:51.347135 [info ] [MainThread]:   extensions: None
[0m16:41:51.347365 [info ] [MainThread]:   settings: {}
[0m16:41:51.347588 [info ] [MainThread]:   external_root: .
[0m16:41:51.347811 [info ] [MainThread]:   use_credential_provider: None
[0m16:41:51.348039 [info ] [MainThread]:   attach: None
[0m16:41:51.348263 [info ] [MainThread]:   filesystems: None
[0m16:41:51.348483 [info ] [MainThread]:   remote: None
[0m16:41:51.348703 [info ] [MainThread]:   plugins: None
[0m16:41:51.348927 [info ] [MainThread]:   disable_transactions: False
[0m16:41:51.349523 [info ] [MainThread]: Registered adapter: duckdb=1.10.0
[0m16:41:51.453597 [debug] [MainThread]: Acquiring new duckdb connection 'debug'
[0m16:41:51.549936 [debug] [MainThread]: Using duckdb connection "debug"
[0m16:41:51.550350 [debug] [MainThread]: On debug: select 1 as id
[0m16:41:51.550616 [debug] [MainThread]: Opening a new connection, currently in state init
[0m16:41:51.584142 [debug] [MainThread]: SQL status: OK in 0.033 seconds
[0m16:41:51.585117 [debug] [MainThread]: On debug: Close
[0m16:41:51.585878 [info ] [MainThread]:   Connection test: [[32mOK connection ok[0m]

[0m16:41:51.586205 [info ] [MainThread]: [31m1 check failed:[0m
[0m16:41:51.586462 [info ] [MainThread]: Project loading failed for the following reason:
 project path </Users/haleymar/Documents/goldberghomedb/dbt_project.yml> not found

[0m16:41:51.589364 [debug] [MainThread]: Resource report: {"command_name": "debug", "command_success": false, "command_wall_clock_time": 0.52351654, "process_in_blocks": "0", "process_kernel_time": 0.299411, "process_mem_max_rss": "130039808", "process_out_blocks": "0", "process_user_time": 1.319794}
[0m16:41:51.589801 [debug] [MainThread]: Command `dbt debug` failed at 16:41:51.589714 after 0.52 seconds
[0m16:41:51.590100 [debug] [MainThread]: Connection 'debug' was properly closed.
[0m16:41:51.590419 [debug] [MainThread]: Sending event: {'category': 'dbt', 'action': 'invocation', 'label': 'end', 'context': [<snowplow_tracker.self_describing_json.SelfDescribingJson object at 0x10647b490>, <snowplow_tracker.self_describing_json.SelfDescribingJson object at 0x1077dbd60>, <snowplow_tracker.self_describing_json.SelfDescribingJson object at 0x1077d8100>]}
[0m16:41:51.590770 [debug] [MainThread]: Flushing usage events
[0m16:41:53.044484 [debug] [MainThread]: An error was encountered while trying to flush usage events
